This is e-pTeX, Version 3.14159265-p3.8.3-191112-2.6 (utf8.euc) (TeX Live 2020) (preloaded format=platex 2020.8.20)  7 FEB 2021 12:18
entering extended mode
 restricted \write18 enabled.
 file:line:error style messages enabled.
 %&-line parsing enabled.
**future.tex
(./future.tex
pLaTeX2e <2020-02-02>+3 (based on LaTeX2e <2020-02-02> patch level 5)
L3 programming layer <2020-03-06>
./future.tex:1: Undefined control sequence.
l.1 \chapter
            {結論}
? 
./future.tex:1: Emergency stop.
l.1 \chapter
            {結論}
End of file on the terminal!

 
Here is how much of TeX's memory you used:
 16 strings out of 481140
 303 string characters out of 5917417
 239385 words of memory out of 5000000
 16157 multiletter control sequences out of 15000+600000
 536209 words of font info for 41 fonts, out of 8000000 for 9000
 929 hyphenation exceptions out of 8191
 13i,0n,15p,56b,10s stack positions out of 5000i,500n,10000p,200000b,80000s
No pages of output.
